Traceback (most recent call last):
  File "/home/mjirka/anaconda3/lib/python3.13/site-packages/jupyter_cache/executors/utils.py", line 58, in single_nb_execution
    executenb(
    ~~~~~~~~~^
        nb,
        ^^^
    ...<4 lines>...
        **kwargs,
        ^^^^^^^^^
    )
    ^
  File "/home/mjirka/anaconda3/lib/python3.13/site-packages/nbclient/client.py", line 1319, in execute
    return NotebookClient(nb=nb, resources=resources, km=km, **kwargs).execute()
           ~~~~~~~~~~~~~~~~~~~~~~~~~~~~~~~~~~~~~~~~~~~~~~~~~~~~~~~~~~~~~~~~~~~^^
  File "/home/mjirka/anaconda3/lib/python3.13/site-packages/jupyter_core/utils/__init__.py", line 165, in wrapped
    return loop.run_until_complete(inner)
           ~~~~~~~~~~~~~~~~~~~~~~~^^^^^^^
  File "/home/mjirka/anaconda3/lib/python3.13/asyncio/base_events.py", line 725, in run_until_complete
    return future.result()
           ~~~~~~~~~~~~~^^
  File "/home/mjirka/anaconda3/lib/python3.13/site-packages/nbclient/client.py", line 709, in async_execute
    await self.async_execute_cell(
        cell, index, execution_count=self.code_cells_executed + 1
    )
  File "/home/mjirka/anaconda3/lib/python3.13/site-packages/nbclient/client.py", line 1062, in async_execute_cell
    await self._check_raise_for_error(cell, cell_index, exec_reply)
  File "/home/mjirka/anaconda3/lib/python3.13/site-packages/nbclient/client.py", line 918, in _check_raise_for_error
    raise CellExecutionError.from_cell_and_msg(cell, exec_reply_content)
nbclient.exceptions.CellExecutionError: An error occurred while executing the following cell:
------------------
#
x = np.array([1, 2, 3, 4])
y = np.array([6, 5, 7, 10])
n = x.size

# predpokladame linearni aproximacni polynom y = kx + q
# minimum fukncionalu S najdeme pomoci derivace
# to vede na reseni soustavy lin. rovnic
# ze soustavy lin. rovnic vypocitame koeficienty k, q
# np.sum() = suma

# DOPLNIT
# A =
# b =
# DOPLNIT

# ziskame koeficienty
reseni = np.linalg.solve(A,b)
k = reseni[0]
q = reseni[1]

print('Parametr k: ',k)
print('Parametr q: ',q)

fig, ax = plt.subplots(figsize=(10,5))
ax.scatter(x,y,label='Namerena data')
ax.plot(x,k*x+q, color='C1', label='Aproximacni funkce y=kx+q')
ax.set_xlabel('x')
ax.set_ylabel('y')
ax.legend()
ax.set_title('Aproximace metodou nejmensich ctvercu')
------------------


[0;31m---------------------------------------------------------------------------[0m
[0;31mNameError[0m                                 Traceback (most recent call last)
Cell [0;32mIn[2], line 18[0m
[1;32m      4[0m n [38;5;241m=[39m x[38;5;241m.[39msize
[1;32m      6[0m [38;5;66;03m# predpokladame linearni aproximacni polynom y = kx + q[39;00m
[1;32m      7[0m [38;5;66;03m# minimum fukncionalu S najdeme pomoci derivace[39;00m
[1;32m      8[0m [38;5;66;03m# to vede na reseni soustavy lin. rovnic[39;00m
[0;32m   (...)[0m
[1;32m     16[0m 
[1;32m     17[0m [38;5;66;03m# ziskame koeficienty[39;00m
[0;32m---> 18[0m reseni [38;5;241m=[39m np[38;5;241m.[39mlinalg[38;5;241m.[39msolve(A,b)
[1;32m     19[0m k [38;5;241m=[39m reseni[[38;5;241m0[39m]
[1;32m     20[0m q [38;5;241m=[39m reseni[[38;5;241m1[39m]

[0;31mNameError[0m: name 'A' is not defined

